0 info it worked if it ends with ok
1 verbose cli [ '/Users/philipwalton/.nvm/versions/node/v6.7.0/bin/node',
1 verbose cli   '/Users/philipwalton/.nvm/versions/node/v6.7.0/bin/npm',
1 verbose cli   'start' ]
2 info using npm@3.10.3
3 info using node@v6.7.0
4 verbose run-script [ 'prestart', 'start', 'poststart' ]
5 info lifecycle @~prestart: @
6 silly lifecycle @~prestart: no script for prestart, continuing
7 info lifecycle @~start: @
8 verbose lifecycle @~start: unsafe-perm in lifecycle true
9 verbose lifecycle @~start: PATH: /Users/philipwalton/.nvm/versions/node/v6.7.0/lib/node_modules/npm/bin/node-gyp-bin:/Users/philipwalton/Projects/philipwalton/talks/2016-12-02/node_modules/.bin:/Users/philipwalton/.nvm/versions/node/v6.7.0/bin:/Users/philipwalton/.nvm/versions/node/v6.7.0/bin:/Users/philipwalton/.rvm/gems/ruby-2.2.1/bin:/Users/philipwalton/.rvm/gems/ruby-2.2.1@global/bin:/Users/philipwalton/.rvm/rubies/ruby-2.2.1/bin:/Users/philipwalton/bin/go_appengine:/Users/philipwalton/homebrew/bin:/Users/philipwalton/bin:./bin:/usr/local/git/current/bin:/usr/local/bin:/usr/bin:/bin:/usr/local/sbin:/usr/sbin:/sbin:/usr/local/go/bin:./node_modules/.bin:/usr/local/go/bin:/Users/philipwalton/go/bin:/Users/philipwalton/.rvm/bin
10 verbose lifecycle @~start: CWD: /Users/philipwalton/Projects/philipwalton/talks/2016-12-02
11 silly lifecycle @~start: Args: [ '-c', 'node start.js' ]
12 silly lifecycle @~start: Returned: code: 1  signal: null
13 info lifecycle @~start: Failed to exec start script
14 verbose stack Error: @ start: `node start.js`
14 verbose stack Exit status 1
14 verbose stack     at EventEmitter.<anonymous> (/Users/philipwalton/.nvm/versions/node/v6.7.0/lib/node_modules/npm/lib/utils/lifecycle.js:242:16)
14 verbose stack     at emitTwo (events.js:106:13)
14 verbose stack     at EventEmitter.emit (events.js:191:7)
14 verbose stack     at ChildProcess.<anonymous> (/Users/philipwalton/.nvm/versions/node/v6.7.0/lib/node_modules/npm/lib/utils/spawn.js:40:14)
14 verbose stack     at emitTwo (events.js:106:13)
14 verbose stack     at ChildProcess.emit (events.js:191:7)
14 verbose stack     at maybeClose (internal/child_process.js:877:16)
14 verbose stack     at Process.ChildProcess._handle.onexit (internal/child_process.js:226:5)
15 verbose pkgid @
16 verbose cwd /Users/philipwalton/Projects/philipwalton/talks/2016-12-02
17 error Darwin 15.6.0
18 error argv "/Users/philipwalton/.nvm/versions/node/v6.7.0/bin/node" "/Users/philipwalton/.nvm/versions/node/v6.7.0/bin/npm" "start"
19 error node v6.7.0
20 error npm  v3.10.3
21 error code ELIFECYCLE
22 error @ start: `node start.js`
22 error Exit status 1
23 error Failed at the @ start script 'node start.js'.
23 error Make sure you have the latest version of node.js and npm installed.
23 error If you do, this is most likely a problem with the  package,
23 error not with npm itself.
23 error Tell the author that this fails on your system:
23 error     node start.js
23 error You can get information on how to open an issue for this project with:
23 error     npm bugs
23 error Or if that isn't available, you can get their info via:
23 error     npm owner ls
23 error There is likely additional logging output above.
24 verbose exit [ 1, true ]
